C51 COMPILER V9.53.0.0   ONOF                                                              08/28/2024 11:29:33 PAGE 1   


C51 COMPILER V9.53.0.0, COMPILATION OF MODULE ONOF
OBJECT MODULE PLACED IN onof.OBJ
COMPILER INVOKED BY: C:\Keil_v5\C51\BIN\C51.EXE onof.c OPTIMIZE(8,SPEED) BROWSE DEBUG OBJECTEXTEND TABS(2)

line level    source

   1          #include<regx52.h>
   2          void delay(unsigned int);
   3          void main()
   4          {
   5   1      while(1)
   6   1      {
   7   2      P1=0x05;
   8   2      delay(5000);
   9   2      P1=0x0A;
  10   2      delay(5000);
  11   2      P1=0x00;
  12   2      delay(5000);
  13   2      }}
  14          void delay(unsigned int a)
  15          {
  16   1      unsigned char i;
  17   1      for(;a>0;a--)
  18   1      {
  19   2      for(i=250;i>0;i--);
  20   2      }}


MODULE INFORMATION:   STATIC OVERLAYABLE
   CODE SIZE        =     45    ----
   CONSTANT SIZE    =   ----    ----
   XDATA SIZE       =   ----    ----
   PDATA SIZE       =   ----    ----
   DATA SIZE        =   ----    ----
   IDATA SIZE       =   ----    ----
   BIT SIZE         =   ----    ----
END OF MODULE INFORMATION.


C51 COMPILATION COMPLETE.  0 WARNING(S),  0 ERROR(S)
